<?xml version="1.0" encoding="UTF-8"?>
<!-- Generated by org.testng.reporters.JUnitXMLReporter -->
<testsuite ignored="0" hostname="OA-STUDENT" failures="0" tests="5" name="myTest1" time="0.112" errors="0" timestamp="2023-12-01T18:31:39 IST">
  <testcase classname="TestngPackage.Annotations" name="test2" time="0.012"/>
  <testcase classname="TestngPackage.Annotations" name="test1" time="0.002"/>
  <testcase classname="TestngPackage.Annotations" name="contact" time="0.003"/>
  <testcase classname="TestngPackage.DemoClass" name="test1" time="0.002"/>
  <testcase classname="TestngPackage.DemoClass" name="test2" time="0.004"/>
</testsuite> <!-- myTest1 -->
